Detecting C compiler ABI info failed to compile with the following output:
Change Dir: /Users/jianxinluo/Desktop/Test/XJGARSDKDemoApp-ios/Xcode/CMakeFiles/CMakeTmp

Run Build Command:"/usr/bin/xcodebuild" "-project" "CMAKE_TRY_COMPILE.xcodeproj" "build" "-target" "cmTC_e32e4" "-configuration" "Debug"
=== BUILD TARGET cmTC_e32e4 OF PROJECT CMAKE_TRY_COMPILE WITH CONFIGURATION Debug ===

Check dependencies
target specifies product type 'com.apple.product-type.tool', but there's no such product type for the 'iphoneos' platform

** BUILD FAILED **


The following build commands failed:
	Check dependencies
(1 failure)



Detecting C [-std=c11] compiler features failed to compile with the following output:
Change Dir: /Users/jianxinluo/Desktop/Test/XJGARSDKDemoApp-ios/Xcode/CMakeFiles/CMakeTmp

Run Build Command:"/usr/bin/xcodebuild" "-project" "CMAKE_TRY_COMPILE.xcodeproj" "build" "-target" "cmTC_d2791" "-configuration" "Debug"
=== BUILD TARGET cmTC_d2791 OF PROJECT CMAKE_TRY_COMPILE WITH CONFIGURATION Debug ===

Check dependencies
target specifies product type 'com.apple.product-type.tool', but there's no such product type for the 'iphoneos' platform

** BUILD FAILED **


The following build commands failed:
	Check dependencies
(1 failure)



Detecting CXX compiler ABI info failed to compile with the following output:
Change Dir: /Users/jianxinluo/Desktop/Test/XJGARSDKDemoApp-ios/Xcode/CMakeFiles/CMakeTmp

Run Build Command:"/usr/bin/xcodebuild" "-project" "CMAKE_TRY_COMPILE.xcodeproj" "build" "-target" "cmTC_f9a91" "-configuration" "Debug"
=== BUILD TARGET cmTC_f9a91 OF PROJECT CMAKE_TRY_COMPILE WITH CONFIGURATION Debug ===

Check dependencies
target specifies product type 'com.apple.product-type.tool', but there's no such product type for the 'iphoneos' platform

** BUILD FAILED **


The following build commands failed:
	Check dependencies
(1 failure)



Detecting CXX [-std=c++1z] compiler features failed to compile with the following output:
Change Dir: /Users/jianxinluo/Desktop/Test/XJGARSDKDemoApp-ios/Xcode/CMakeFiles/CMakeTmp

Run Build Command:"/usr/bin/xcodebuild" "-project" "CMAKE_TRY_COMPILE.xcodeproj" "build" "-target" "cmTC_a790d" "-configuration" "Debug"
=== BUILD TARGET cmTC_a790d OF PROJECT CMAKE_TRY_COMPILE WITH CONFIGURATION Debug ===

Check dependencies
target specifies product type 'com.apple.product-type.tool', but there's no such product type for the 'iphoneos' platform

** BUILD FAILED **


The following build commands failed:
	Check dependencies
(1 failure)



